<?xml version="1.0" encoding="UTF-8"?><testsuite errors="0" failures="0" name="features.api_merchant_solution.location_service.AutoCompletePlace" skipped="0" tests="6" time="4.25" timestamp="2020-10-08 11:20:21"><testcase classname="features.api_merchant_solution.location_service.AutoCompletePlace" name="Get places with Building Name"/><testcase classname="features.api_merchant_solution.location_service.AutoCompletePlace" name="Get places with Number, Street, District, City"/><testcase classname="features.api_merchant_solution.location_service.AutoCompletePlace" name="Get places with Invalid data"/><testcase classname="features.api_merchant_solution.location_service.AutoCompletePlace" name="Get places with District"/><testcase classname="features.api_merchant_solution.location_service.AutoCompletePlace" name="Get places with City"/><testcase classname="features.api_merchant_solution.location_service.AutoCompletePlace" name="Get places with Street, District, City"/></testsuite>